<?xml version="1.0" encoding="UTF-8"?>
<!-- Generated by org.testng.reporters.JUnitReportReporter -->
<testsuite hostname="Danilos-MacBook-Air.local" failures="0" tests="2" name="com.automation.Scanner_Include_Exclude.Register" time="4.509" errors="0" timestamp="10 May 2024 17:23:23 GMT" skipped="0">
  <testcase classname="com.automation.Scanner_Include_Exclude.Register" name="validRegisterTN" time="1.938"/>
  <testcase classname="com.automation.Scanner_Include_Exclude.Register" name="emptyRegisterTN" time="2.571"/>
</testsuite> <!-- com.automation.Scanner_Include_Exclude.Register -->
