<?xml version="1.0" encoding="UTF-8"?>
<!-- Generated by org.testng.reporters.JUnitReportReporter -->
<testsuite hostname="Danilos-MacBook-Air.local" failures="0" tests="5" name="com.automation.Recap_Project.Data_Provider" time="35.578" errors="0" timestamp="01 May 2024 19:19:53 GMT" skipped="0">
  <testcase classname="com.automation.Recap_Project.Data_Provider" name="registerTn" time="7.740"/>
  <testcase classname="com.automation.Recap_Project.Data_Provider" name="registerTn" time="7.706"/>
  <testcase classname="com.automation.Recap_Project.Data_Provider" name="registerTn" time="7.623"/>
  <testcase classname="com.automation.Recap_Project.Data_Provider" name="registerTn" time="5.830"/>
  <testcase classname="com.automation.Recap_Project.Data_Provider" name="registerTn" time="6.679"/>
</testsuite> <!-- com.automation.Recap_Project.Data_Provider -->
