<?xml version="1.0" encoding="UTF-8"?>
<!-- Generated by org.testng.reporters.JUnitReportReporter -->
<testsuite hostname="Danilos-MacBook-Air.local" failures="0" tests="1" name="com.automation.Pop_Ups.Pop_Ups" time="5.769" errors="0" timestamp="07 May 2024 18:28:41 GMT" skipped="0">
  <testcase classname="com.automation.Pop_Ups.Pop_Ups" name="handlingPopUps" time="5.769"/>
</testsuite> <!-- com.automation.Pop_Ups.Pop_Ups -->
