<?xml version="1.0" encoding="UTF-8"?>
<!-- Generated by org.testng.reporters.JUnitReportReporter -->
<testsuite hostname="Danilos-MacBook-Air.local" failures="0" tests="2" name="com.automation.Scanner_Include_Exclude.Search" time="5.038" errors="0" timestamp="10 May 2024 17:23:23 GMT" skipped="0">
  <testcase classname="com.automation.Scanner_Include_Exclude.Search" name="emptySearchTN" time="2.557"/>
  <testcase classname="com.automation.Scanner_Include_Exclude.Search" name="validSearchTN" time="2.481"/>
</testsuite> <!-- com.automation.Scanner_Include_Exclude.Search -->
