<?xml version="1.0" encoding="UTF-8"?>
<!-- Generated by org.testng.reporters.JUnitReportReporter -->
<testsuite hostname="Danilos-MacBook-Air.local" failures="0" tests="11" name="com.automation.Recap_Project.Data_Provider_TestCases_Excel" time="61.848" errors="0" timestamp="03 May 2024 18:14:48 GMT" skipped="0">
  <testcase classname="com.automation.Recap_Project.Data_Provider_TestCases_Excel" name="login" time="4.285"/>
  <testcase classname="com.automation.Recap_Project.Data_Provider_TestCases_Excel" name="login" time="7.183"/>
  <testcase classname="com.automation.Recap_Project.Data_Provider_TestCases_Excel" name="login" time="5.190"/>
  <testcase classname="com.automation.Recap_Project.Data_Provider_TestCases_Excel" name="login" time="5.652"/>
  <testcase classname="com.automation.Recap_Project.Data_Provider_TestCases_Excel" name="login" time="5.345"/>
  <testcase classname="com.automation.Recap_Project.Data_Provider_TestCases_Excel" name="login" time="3.670"/>
  <testcase classname="com.automation.Recap_Project.Data_Provider_TestCases_Excel" name="login" time="5.109"/>
  <testcase classname="com.automation.Recap_Project.Data_Provider_TestCases_Excel" name="login" time="5.430"/>
  <testcase classname="com.automation.Recap_Project.Data_Provider_TestCases_Excel" name="login" time="5.406"/>
  <testcase classname="com.automation.Recap_Project.Data_Provider_TestCases_Excel" name="login" time="7.628"/>
  <testcase classname="com.automation.Recap_Project.Data_Provider_TestCases_Excel" name="login" time="6.950"/>
</testsuite> <!-- com.automation.Recap_Project.Data_Provider_TestCases_Excel -->
