<?xml version="1.0" encoding="UTF-8"?>
<!-- Generated by org.testng.reporters.JUnitReportReporter -->
<testsuite hostname="Danilos-MacBook-Air.local" failures="0" tests="8" name="com.automation.Recap_Project.Data_Provider_Excel_TestCases" time="50.796" errors="0" timestamp="03 May 2024 18:44:16 GMT" skipped="0">
  <testcase classname="com.automation.Recap_Project.Data_Provider_Excel_TestCases" name="registerTn" time="5.918"/>
  <testcase classname="com.automation.Recap_Project.Data_Provider_Excel_TestCases" name="registerTn" time="5.913"/>
  <testcase classname="com.automation.Recap_Project.Data_Provider_Excel_TestCases" name="registerTn" time="6.623"/>
  <testcase classname="com.automation.Recap_Project.Data_Provider_Excel_TestCases" name="registerTn" time="9.660"/>
  <testcase classname="com.automation.Recap_Project.Data_Provider_Excel_TestCases" name="registerTn" time="5.688"/>
  <testcase classname="com.automation.Recap_Project.Data_Provider_Excel_TestCases" name="registerTn" time="5.779"/>
  <testcase classname="com.automation.Recap_Project.Data_Provider_Excel_TestCases" name="registerTn" time="5.548"/>
  <testcase classname="com.automation.Recap_Project.Data_Provider_Excel_TestCases" name="registerTn" time="5.667"/>
</testsuite> <!-- com.automation.Recap_Project.Data_Provider_Excel_TestCases -->
