<?xml version="1.0" encoding="UTF-8"?>
<!-- Generated by org.testng.reporters.JUnitReportReporter -->
<testsuite hostname="Danilos-MacBook-Air.local" failures="0" tests="1" name="com.automation.Upload.Upload" time="7.745" errors="0" timestamp="27 May 2024 17:56:10 GMT" skipped="0">
  <testcase classname="com.automation.Upload.Upload" name="upload" time="7.745"/>
</testsuite> <!-- com.automation.Upload.Upload -->
