<?xml version="1.0" encoding="UTF-8"?>
<!-- Generated by org.testng.reporters.JUnitReportReporter -->
<testsuite hostname="Danilos-MacBook-Air.local" failures="0" tests="1" name="com.automation.Calendar.Example2_InvalidDate" time="5.422" errors="0" timestamp="29 May 2024 17:15:36 GMT" skipped="0">
  <testcase classname="com.automation.Calendar.Example2_InvalidDate" name="pickTheDate" time="5.422"/>
</testsuite> <!-- com.automation.Calendar.Example2_InvalidDate -->
