<?xml version="1.0" encoding="UTF-8"?>
<!-- Generated by org.testng.reporters.JUnitReportReporter -->
<testsuite hostname="Danilos-MacBook-Air.local" failures="0" tests="2" name="com.automation.Recap_Project.Recap_Class" time="13.944" errors="0" timestamp="09 May 2024 17:39:12 GMT" skipped="0">
  <testcase classname="com.automation.Recap_Project.Recap_Class" name="loginWithValidCredentials" time="7.473"/>
  <testcase classname="com.automation.Recap_Project.Recap_Class" name="loginWithSoftAssert" time="6.471"/>
</testsuite> <!-- com.automation.Recap_Project.Recap_Class -->
