<?xml version="1.0" encoding="UTF-8"?>
<!-- Generated by org.testng.reporters.JUnitReportReporter -->
<testsuite hostname="Danilos-MacBook-Air.local" failures="0" tests="1" name="com.automation.Dropdown.Looping_Dropdown" time="19.485" errors="0" timestamp="27 May 2024 21:12:36 GMT" skipped="0">
  <testcase classname="com.automation.Dropdown.Looping_Dropdown" name="easeMyTrip" time="19.485"/>
</testsuite> <!-- com.automation.Dropdown.Looping_Dropdown -->
