<?xml version="1.0" encoding="UTF-8"?>
<!-- Generated by org.testng.reporters.JUnitReportReporter -->
<testsuite hostname="Danilos-MacBook-Air.local" failures="0" tests="3" name="com.automation.Scanner_Include_Exclude.Login" time="37.925" errors="0" timestamp="10 May 2024 17:23:23 GMT" skipped="0">
  <testcase classname="com.automation.Scanner_Include_Exclude.Login" name="invalidloginTN" time="2.082"/>
  <testcase classname="com.automation.Scanner_Include_Exclude.Login" name="validloginTN" time="32.420"/>
  <testcase classname="com.automation.Scanner_Include_Exclude.Login" name="emptyloginTN" time="3.423"/>
</testsuite> <!-- com.automation.Scanner_Include_Exclude.Login -->
