<?xml version="1.0" encoding="UTF-8"?>
<!-- Generated by org.testng.reporters.JUnitReportReporter -->
<testsuite hostname="Danilos-MacBook-Air.local" failures="0" tests="1" name="com.automation.Recap_Project.Register_With_Parameters" time="9.003" errors="0" timestamp="30 Apr 2024 17:41:31 GMT" skipped="0">
  <testcase classname="com.automation.Recap_Project.Register_With_Parameters" name="registerWithParameters" time="9.003"/>
</testsuite> <!-- com.automation.Recap_Project.Register_With_Parameters -->
