<?xml version="1.0" encoding="UTF-8"?>
<!-- Generated by org.testng.reporters.JUnitReportReporter -->
<testsuite hostname="Danilos-MacBook-Air.local" failures="0" tests="1" name="com.automation.Encapsulation.Encapsulation_TestCase" time="14.149" errors="0" timestamp="07 May 2024 15:58:21 GMT" skipped="0">
  <testcase classname="com.automation.Encapsulation.Encapsulation_TestCase" name="validCredentials" time="14.149"/>
</testsuite> <!-- com.automation.Encapsulation.Encapsulation_TestCase -->
