<?xml version="1.0" encoding="UTF-8"?>
<!-- Generated by org.testng.reporters.JUnitReportReporter -->
<testsuite hostname="Danilos-MacBook-Air.local" failures="0" tests="1" name="com.automation.PropertiesFile.Properties_file_Register" time="5.948" errors="0" timestamp="07 May 2024 17:38:17 GMT" skipped="0">
  <testcase classname="com.automation.PropertiesFile.Properties_file_Register" name="registerTN" time="5.948"/>
</testsuite> <!-- com.automation.PropertiesFile.Properties_file_Register -->
