<?xml version="1.0" encoding="UTF-8"?>
<!-- Generated by org.testng.reporters.JUnitReportReporter -->
<testsuite hostname="Danilos-MacBook-Air.local" failures="0" tests="2" name="com.automation_ChromeOptions.ChromeOptionsLogin" time="7.013" errors="0" timestamp="07 May 2024 19:36:51 GMT" skipped="0">
  <testcase classname="com.automation_ChromeOptions.ChromeOptionsLogin" name="loginTN" time="3.065"/>
  <testcase classname="com.automation_ChromeOptions.ChromeOptionsLogin" name="headlessMode" time="3.948"/>
</testsuite> <!-- com.automation_ChromeOptions.ChromeOptionsLogin -->
