<?xml version="1.0" encoding="UTF-8"?>
<!-- Generated by org.testng.reporters.JUnitReportReporter -->
<testsuite hostname="Danilos-MacBook-Air.local" failures="0" tests="2" name="com.automation.PropertiesFile.Properties_File_Multiple_Test_Cases" time="24.222" errors="0" timestamp="07 May 2024 17:57:34 GMT" skipped="0">
  <testcase classname="com.automation.PropertiesFile.Properties_File_Multiple_Test_Cases" name="registerTN" time="14.576"/>
  <testcase classname="com.automation.PropertiesFile.Properties_File_Multiple_Test_Cases" name="loginTV" time="9.646"/>
</testsuite> <!-- com.automation.PropertiesFile.Properties_File_Multiple_Test_Cases -->
