<?xml version="1.0" encoding="UTF-8"?>
<!-- Generated by org.testng.reporters.JUnitReportReporter -->
<testsuite hostname="Danilos-MacBook-Air.local" failures="0" tests="1" name="com.automation.Dropdown.AutoSuggestive_Dropdown" time="27.340" errors="0" timestamp="27 May 2024 20:06:39 GMT" skipped="0">
  <testcase classname="com.automation.Dropdown.AutoSuggestive_Dropdown" name="makeMyTrip" time="27.340"/>
</testsuite> <!-- com.automation.Dropdown.AutoSuggestive_Dropdown -->
